1602487725347	mozrunner::runner	INFO	Running command: "C:\\Program Files\\Mozilla Firefox\\firefox.exe" "-marionette" "-no-sandbox" "user-agent=\"Mozilla/5.0 (Windows NT 10.0; Win64; x64) AppleWebKit/537.36 (KHTML, like Gecko) Chrome/79.0.3945.88 Safari/537.36\"" "connection=\"close\"" "-foreground" "-no-remote" "-profile" "C:\\Users\\ADMINI~1\\AppData\\Local\\Temp\\rust_mozprofile4EB3HK"
ConvertWinError received an unrecognized WinError: 0x7b
JavaScript error: resource://gre/modules/URIFixup.jsm, line 447: NS_ERROR_MALFORMED_URI: Couldn't build a valid uri
JavaScript error: resource://gre/modules/XULStore.jsm, line 66: Error: Can't find profile directory.
ConvertWinError received an unrecognized WinError: 0x7b
console.error: SearchCache: "_readCacheFile: Error reading cache file:" (new Error("", "(unknown module)"))
1602487729605	Marionette	INFO	Listening on port 53459
1602487729733	Marionette	WARN	TLS certificate errors will be ignored for this session
1602487791097	Marionette	INFO	Stopped listening on port 53459

###!!! [Child][RunMessage] Error: Channel closing: too late to send/recv, messages will be lost


###!!! [Child][MessageChannel::SendAndWait] Error: Channel error: cannot send/recv

1602487819721	mozrunner::runner	INFO	Running command: "C:\\Program Files\\Mozilla Firefox\\firefox.exe" "-marionette" "Accept=\"text/html,application/xhtml+xml,application/xml;q=0.9,image/webp,image/apng,*/*;q=0.8,application/signed-exchange;v=b3;q=0.9\"" "Accept-Encoding=\"gzip, deflate\"" "Accept-Language=\"zh-CN,zh-TW;q=0.9,zh;q=0.8,en-US;q=0.7,en;q=0.6\"" "Connection=\"keep-alive\"" "User-Agent=\"Mozilla/5.0 (Windows NT 10.0; Win64; x64; rv:78.0) Gecko/20100101 Firefox/78.0\"" "-foreground" "-no-remote" "-profile" "C:\\Users\\ADMINI~1\\AppData\\Local\\Temp\\rust_mozprofileK5Huh2"
JavaScript error: resource://gre/modules/URIFixup.jsm, line 447: NS_ERROR_MALFORMED_URI: Couldn't build a valid uri
ConvertWinError received an unrecognized WinError: 0x7b
JavaScript error: resource://gre/modules/URIFixup.jsm, line 447: NS_ERROR_MALFORMED_URI: Couldn't build a valid uri
ConvertWinError received an unrecognized WinError: 0x7b
JavaScript error: resource://gre/modules/URIFixup.jsm, line 447: NS_ERROR_MALFORMED_URI: Couldn't build a valid uri
ConvertWinError received an unrecognized WinError: 0x7b
JavaScript error: resource://gre/modules/URIFixup.jsm, line 447: NS_ERROR_MALFORMED_URI: Couldn't build a valid uri
ConvertWinError received an unrecognized WinError: 0x7b
JavaScript error: resource://gre/modules/URIFixup.jsm, line 447: NS_ERROR_MALFORMED_URI: Couldn't build a valid uri
JavaScript error: resource://gre/modules/XULStore.jsm, line 66: Error: Can't find profile directory.
ConvertWinError received an unrecognized WinError: 0x7b
ConvertWinError received an unrecognized WinError: 0x7b
ConvertWinError received an unrecognized WinError: 0x7b
ConvertWinError received an unrecognized WinError: 0x7b
ConvertWinError received an unrecognized WinError: 0x7b
console.error: SearchCache: "_readCacheFile: Error reading cache file:" (new Error("", "(unknown module)"))
console.error: "Could not write session state file " (new Error("_initWorker called too early! Please read the session file from disk first.", "resource:///modules/sessionstore/SessionFile.jsm", 375)) "_initWorker/<@resource:///modules/sessionstore/SessionFile.jsm:375:15\n_initWorker@resource:///modules/sessionstore/SessionFile.jsm:368:12\n_postToWorker@resource:///modules/sessionstore/SessionFile.jsm:410:16\nwrite@resource:///modules/sessionstore/SessionFile.jsm:448:24\nwrite@resource:///modules/sessionstore/SessionFile.jsm:75:32\n_writeState@resource:///modules/sessionstore/SessionSaver.jsm:360:24\n_saveState@resource:///modules/sessionstore/SessionSaver.jsm:294:17\n_saveStateAsync@resource:///modules/sessionstore/SessionSaver.jsm:344:10\nsaveStateAsyncWhenIdle@resource:///modules/sessionstore/SessionSaver.jsm:191:14\ncallback@resource://gre/modules/Timer.jsm:127:16\n"
1602487824322	Marionette	INFO	Listening on port 53599
1602487824718	Marionette	WARN	TLS certificate errors will be ignored for this session
Can't find symbol 'eglSwapBuffersWithDamageEXT'.
1602487844135	Marionette	INFO	Stopped listening on port 53599

###!!! [Child][RunMessage] Error: Channel closing: too late to send/recv, messages will be lost


###!!! [Child][MessageChannel::SendAndWait] Error: Channel error: cannot send/recv

1602488447530	mozrunner::runner	INFO	Running command: "C:\\Program Files\\Mozilla Firefox\\firefox.exe" "-marionette" "Accept=\"text/html,application/xhtml+xml,application/xml;q=0.9,image/webp,image/apng,*/*;q=0.8,application/signed-exchange;v=b3;q=0.9\"" "Accept-Encoding=\"gzip, deflate\"" "Accept-Language=\"zh-CN,zh-TW;q=0.9,zh;q=0.8,en-US;q=0.7,en;q=0.6\"" "Connection=\"keep-alive\"" "User-Agent=\"Mozilla/5.0 (Windows NT 10.0; Win64; x64; rv:78.0) Gecko/20100101 Firefox/78.0\"" "-foreground" "-no-remote" "-profile" "C:\\Users\\ADMINI~1\\AppData\\Local\\Temp\\rust_mozprofilebNxXzU"
JavaScript error: resource://gre/modules/URIFixup.jsm, line 447: NS_ERROR_MALFORMED_URI: Couldn't build a valid uri
ConvertWinError received an unrecognized WinError: 0x7b
JavaScript error: resource://gre/modules/URIFixup.jsm, line 447: NS_ERROR_MALFORMED_URI: Couldn't build a valid uri
ConvertWinError received an unrecognized WinError: 0x7b
JavaScript error: resource://gre/modules/URIFixup.jsm, line 447: NS_ERROR_MALFORMED_URI: Couldn't build a valid uri
ConvertWinError received an unrecognized WinError: 0x7b
JavaScript error: resource://gre/modules/URIFixup.jsm, line 447: NS_ERROR_MALFORMED_URI: Couldn't build a valid uri
ConvertWinError received an unrecognized WinError: 0x7b
JavaScript error: resource://gre/modules/URIFixup.jsm, line 447: NS_ERROR_MALFORMED_URI: Couldn't build a valid uri
JavaScript error: resource://gre/modules/XULStore.jsm, line 66: Error: Can't find profile directory.
ConvertWinError received an unrecognized WinError: 0x7b
ConvertWinError received an unrecognized WinError: 0x7b
ConvertWinError received an unrecognized WinError: 0x7b
ConvertWinError received an unrecognized WinError: 0x7b
ConvertWinError received an unrecognized WinError: 0x7b
console.error: SearchCache: "_readCacheFile: Error reading cache file:" (new Error("", "(unknown module)"))
console.error: "Could not write session state file " (new Error("_initWorker called too early! Please read the session file from disk first.", "resource:///modules/sessionstore/SessionFile.jsm", 375)) "_initWorker/<@resource:///modules/sessionstore/SessionFile.jsm:375:15\n_initWorker@resource:///modules/sessionstore/SessionFile.jsm:368:12\n_postToWorker@resource:///modules/sessionstore/SessionFile.jsm:410:16\nwrite@resource:///modules/sessionstore/SessionFile.jsm:448:24\nwrite@resource:///modules/sessionstore/SessionFile.jsm:75:32\n_writeState@resource:///modules/sessionstore/SessionSaver.jsm:360:24\n_saveState@resource:///modules/sessionstore/SessionSaver.jsm:294:17\n_saveStateAsync@resource:///modules/sessionstore/SessionSaver.jsm:344:10\nsaveStateAsyncWhenIdle@resource:///modules/sessionstore/SessionSaver.jsm:191:14\ncallback@resource://gre/modules/Timer.jsm:127:16\n"
1602488451743	Marionette	INFO	Listening on port 54226
1602488451895	Marionette	WARN	TLS certificate errors will be ignored for this session
Can't find symbol 'eglSwapBuffersWithDamageEXT'.
1602488563656	Marionette	INFO	Stopped listening on port 54226

###!!! [Child][RunMessage] Error: Channel closing: too late to send/recv, messages will be lost


###!!! [Child][MessageChannel::SendAndWait] Error: Channel error: cannot send/recv

\"" "Accept-Encoding=\"gzip, deflate\"" "Accept-Language=\"zh-CN,zh-TW;q=0.9,zh;q=0.8,en-US;q=0.7,en;q=0.6\"" "Connection=\"keep-alive\"" "User-Agent=\"Mozilla/5.0 (Windows NT 10.0; Win64; x64; rv:78.0) Gecko/20100101 Firefox/78.0\"" "-foreground" "-no-remote" "-profile" "C:\\Users\\ADMINI~1\\AppData\\Local\\Temp\\rust_mozprofileY3GCa2"
JavaScript error: resource://gre/modules/URIFixup.jsm, line 447: NS_ERROR_MALFORMED_URI: Couldn't build a valid uri
ConvertWinError received an unrecognized WinError: 0x7b
JavaScript error: resource://gre/modules/URIFixup.jsm, line 447: NS_ERROR_MALFORMED_URI: Couldn't build a valid uri
ConvertWinError received an unrecognized WinError: 0x7b
JavaScript error: resource://gre/modules/URIFixup.jsm, line 447: NS_ERROR_MALFORMED_URI: Couldn't build a valid uri
ConvertWinError received an unrecognized WinError: 0x7b
JavaScript error: resource://gre/modules/URIFixup.jsm, line 447: NS_ERROR_MALFORMED_URI: Couldn't build a valid uri
ConvertWinError received an unrecognized WinError: 0x7b
JavaScript error: resource://gre/modules/URIFixup.jsm, line 447: NS_ERROR_MALFORMED_URI: Couldn't build a valid uri
JavaScript error: resource://gre/modules/XULStore.jsm, line 66: Error: Can't find profile directory.
ConvertWinError received an unrecognized WinError: 0x7b
ConvertWinError received an unrecognized WinError: 0x7b
ConvertWinError received an unrecognized WinError: 0x7b
ConvertWinError received an unrecognized WinError: 0x7b
ConvertWinError received an unrecognized WinError: 0x7b
console.error: SearchCache: "_readCacheFile: Error reading cache file:" (new Error("", "(unknown module)"))
console.error: "Could not write session state file " (new Error("_initWorker called too early! Please read the session file from disk first.", "resource:///modules/sessionstore/SessionFile.jsm", 375)) "_initWorker/<@resource:///modules/sessionstore/SessionFile.jsm:375:15\n_initWorker@resource:///modules/sessionstore/SessionFile.jsm:368:12\n_postToWorker@resource:///modules/sessionstore/SessionFile.jsm:410:16\nwrite@resource:///modules/sessionstore/SessionFile.jsm:448:24\nwrite@resource:///modules/sessionstore/SessionFile.jsm:75:32\n_writeState@resource:///modules/sessionstore/SessionSaver.jsm:360:24\n_saveState@resource:///modules/sessionstore/SessionSaver.jsm:294:17\n_saveStateAsync@resource:///modules/sessionstore/SessionSaver.jsm:344:10\nsaveStateAsyncWhenIdle@resource:///modules/sessionstore/SessionSaver.jsm:191:14\ncallback@resource://gre/modules/Timer.jsm:127:16\n"
1602488553734	Marionette	INFO	Listening on port 54312
1602488554220	Marionette	WARN	TLS certificate errors will be ignored for this session
Can't find symbol 'eglSwapBuffersWithDamageEXT'.
JavaScript error: resource://gre/modules/UrlClassifierListManager.jsm, line 691: TypeError: this.tablesData[table] is undefined
1602488561736	Marionette	INFO	Stopped listening on port 54312

###!!! [Child][RunMessage] Error: Channel closing: too late to send/recv, messages will be lost


###!!! [Child][MessageChannel::SendAndWait] Error: Channel error: cannot send/recv

1602489125571	mozrunner::runner	INFO	Running command: "C:\\Program Files\\Mozilla Firefox\\firefox.exe" "-marionette" "Accept=\"text/html,application/xhtml+xml,application/xml;q=0.9,image/webp,image/apng,*/*;q=0.8,application/signed-exchange;v=b3;q=0.9\"" "Accept-Encoding=\"gzip, deflate\"" "Accept-Language=\"zh-CN,zh-TW;q=0.9,zh;q=0.8,en-US;q=0.7,en;q=0.6\"" "Connection=\"keep-alive\"" "User-Agent=\"Mozilla/5.0 (Windows NT 10.0; Win64; x64; rv:78.0) Gecko/20100101 Firefox/78.0\"" "-foreground" "-no-remote" "-profile" "C:\\Users\\ADMINI~1\\AppData\\Local\\Temp\\rust_mozprofilefLDvpC"
JavaScript error: resource://gre/modules/URIFixup.jsm, line 447: NS_ERROR_MALFORMED_URI: Couldn't build a valid uri
ConvertWinError received an unrecognized WinError: 0x7b
JavaScript error: resource://gre/modules/URIFixup.jsm, line 447: NS_ERROR_MALFORMED_URI: Couldn't build a valid uri
ConvertWinError received an unrecognized WinError: 0x7b
JavaScript error: resource://gre/modules/URIFixup.jsm, line 447: NS_ERROR_MALFORMED_URI: Couldn't build a valid uri
ConvertWinError received an unrecognized WinError: 0x7b
JavaScript error: resource://gre/modules/URIFixup.jsm, line 447: NS_ERROR_MALFORMED_URI: Couldn't build a valid uri
ConvertWinError received an unrecognized WinError: 0x7b
JavaScript error: resource://gre/modules/URIFixup.jsm, line 447: NS_ERROR_MALFORMED_URI: Couldn't build a valid uri
JavaScript error: resource://gre/modules/XULStore.jsm, line 66: Error: Can't find profile directory.
ConvertWinError received an unrecognized WinError: 0x7b
ConvertWinError received an unrecognized WinError: 0x7b
ConvertWinError received an unrecognized WinError: 0x7b
ConvertWinError received an unrecognized WinError: 0x7b
ConvertWinError received an unrecognized WinError: 0x7b
console.error: SearchCache: "_readCacheFile: Error reading cache file:" (new Error("", "(unknown module)"))
console.error: "Could not write session state file " (new Error("_initWorker called too early! Please read the session file from disk first.", "resource:///modules/sessionstore/SessionFile.jsm", 375)) "_initWorker/<@resource:///modules/sessionstore/SessionFile.jsm:375:15\n_initWorker@resource:///modules/sessionstore/SessionFile.jsm:368:12\n_postToWorker@resource:///modules/sessionstore/SessionFile.jsm:410:16\nwrite@resource:///modules/sessionstore/SessionFile.jsm:448:24\nwrite@resource:///modules/sessionstore/SessionFile.jsm:75:32\n_writeState@resource:///modules/sessionstore/SessionSaver.jsm:360:24\n_saveState@resource:///modules/sessionstore/SessionSaver.jsm:294:17\n_saveStateAsync@resource:///modules/sessionstore/SessionSaver.jsm:344:10\nsaveStateAsyncWhenIdle@resource:///modules/sessionstore/SessionSaver.jsm:191:14\ncallback@resource://gre/modules/Timer.jsm:127:16\n"
1602489129929	Marionette	INFO	Listening on port 54739
1602489130082	Marionette	WARN	TLS certificate errors will be ignored for this session
Can't find symbol 'eglSwapBuffersWithDamageEXT'.
1602489345051	Marionette	INFO	Stopped listening on port 54739

###!!! [Child][RunMessage] Error: Channel closing: too late to send/recv, messages will be lost


###!!! [Child][MessageChannel::SendAndWait] Error: Channel error: cannot send/recv

\"" "Accept-Encoding=\"gzip, deflate\"" "Accept-Language=\"zh-CN,zh-TW;q=0.9,zh;q=0.8,en-US;q=0.7,en;q=0.6\"" "Connection=\"keep-alive\"" "User-Agent=\"Mozilla/5.0 (Windows NT 10.0; Win64; x64; rv:78.0) Gecko/20100101 Firefox/78.0\"" "-foreground" "-no-remote" "-profile" "C:\\Users\\ADMINI~1\\AppData\\Local\\Temp\\rust_mozprofilebycXt2"
JavaScript error: resource://gre/modules/URIFixup.jsm, line 447: NS_ERROR_MALFORMED_URI: Couldn't build a valid uri
ConvertWinError received an unrecognized WinError: 0x7b
JavaScript error: resource://gre/modules/URIFixup.jsm, line 447: NS_ERROR_MALFORMED_URI: Couldn't build a valid uri
ConvertWinError received an unrecognized WinError: 0x7b
JavaScript error: resource://gre/modules/URIFixup.jsm, line 447: NS_ERROR_MALFORMED_URI: Couldn't build a valid uri
ConvertWinError received an unrecognized WinError: 0x7b
JavaScript error: resource://gre/modules/URIFixup.jsm, line 447: NS_ERROR_MALFORMED_URI: Couldn't build a valid uri
ConvertWinError received an unrecognized WinError: 0x7b
JavaScript error: resource://gre/modules/URIFixup.jsm, line 447: NS_ERROR_MALFORMED_URI: Couldn't build a valid uri
JavaScript error: resource://gre/modules/XULStore.jsm, line 66: Error: Can't find profile directory.
ConvertWinError received an unrecognized WinError: 0x7b
ConvertWinError received an unrecognized WinError: 0x7b
ConvertWinError received an unrecognized WinError: 0x7b
ConvertWinError received an unrecognized WinError: 0x7b
ConvertWinError received an unrecognized WinError: 0x7b
console.error: SearchCache: "_readCacheFile: Error reading cache file:" (new Error("", "(unknown module)"))
console.error: "Could not write session state file " (new Error("_initWorker called too early! Please read the session file from disk first.", "resource:///modules/sessionstore/SessionFile.jsm", 375)) "_initWorker/<@resource:///modules/sessionstore/SessionFile.jsm:375:15\n_initWorker@resource:///modules/sessionstore/SessionFile.jsm:368:12\n_postToWorker@resource:///modules/sessionstore/SessionFile.jsm:410:16\nwrite@resource:///modules/sessionstore/SessionFile.jsm:448:24\nwrite@resource:///modules/sessionstore/SessionFile.jsm:75:32\n_writeState@resource:///modules/sessionstore/SessionSaver.jsm:360:24\n_saveState@resource:///modules/sessionstore/SessionSaver.jsm:294:17\n_saveStateAsync@resource:///modules/sessionstore/SessionSaver.jsm:344:10\nsaveStateAsyncWhenIdle@resource:///modules/sessionstore/SessionSaver.jsm:191:14\ncallback@resource://gre/modules/Timer.jsm:127:16\n"
1602489188262	Marionette	INFO	Listening on port 54851
1602489188341	Marionette	WARN	TLS certificate errors will be ignored for this session
Can't find symbol 'eglSwapBuffersWithDamageEXT'.
1602489343507	Marionette	INFO	Stopped listening on port 54851

###!!! [Child][RunMessage] Error: Channel closing: too late to send/recv, messages will be lost


###!!! [Child][MessageChannel::SendAndWait] Error: Channel error: cannot send/recv

1602489348789	mozrunner::runner	INFO	Running command: "C:\\Program Files\\Mozilla Firefox\\firefox.exe" "-marionette" "Accept=\"text/html,application/xhtml+xml,application/xml;q=0.9,image/webp,image/apng,*/*;q=0.8,application/signed-exchange;v=b3;q=0.9\"" "Accept-Encoding=\"gzip, deflate\"" "Accept-Language=\"zh-CN,zh-TW;q=0.9,zh;q=0.8,en-US;q=0.7,en;q=0.6\"" "Connection=\"keep-alive\"" "User-Agent=\"Mozilla/5.0 (Windows NT 10.0; Win64; x64; rv:78.0) Gecko/20100101 Firefox/78.0\"" "-foreground" "-no-remote" "-profile" "C:\\Users\\ADMINI~1\\AppData\\Local\\Temp\\rust_mozprofile1biccS"
JavaScript error: resource://gre/modules/URIFixup.jsm, line 447: NS_ERROR_MALFORMED_URI: Couldn't build a valid uri
ConvertWinError received an unrecognized WinError: 0x7b
JavaScript error: resource://gre/modules/URIFixup.jsm, line 447: NS_ERROR_MALFORMED_URI: Couldn't build a valid uri
ConvertWinError received an unrecognized WinError: 0x7b
JavaScript error: resource://gre/modules/URIFixup.jsm, line 447: NS_ERROR_MALFORMED_URI: Couldn't build a valid uri
ConvertWinError received an unrecognized WinError: 0x7b
JavaScript error: resource://gre/modules/URIFixup.jsm, line 447: NS_ERROR_MALFORMED_URI: Couldn't build a valid uri
ConvertWinError received an unrecognized WinError: 0x7b
JavaScript error: resource://gre/modules/URIFixup.jsm, line 447: NS_ERROR_MALFORMED_URI: Couldn't build a valid uri
JavaScript error: resource://gre/modules/XULStore.jsm, line 66: Error: Can't find profile directory.
ConvertWinError received an unrecognized WinError: 0x7b
ConvertWinError received an unrecognized WinError: 0x7b
ConvertWinError received an unrecognized WinError: 0x7b
ConvertWinError received an unrecognized WinError: 0x7b
ConvertWinError received an unrecognized WinError: 0x7b
console.error: SearchCache: "_readCacheFile: Error reading cache file:" (new Error("", "(unknown module)"))
console.error: "Could not write session state file " (new Error("_initWorker called too early! Please read the session file from disk first.", "resource:///modules/sessionstore/SessionFile.jsm", 375)) "_initWorker/<@resource:///modules/sessionstore/SessionFile.jsm:375:15\n_initWorker@resource:///modules/sessionstore/SessionFile.jsm:368:12\n_postToWorker@resource:///modules/sessionstore/SessionFile.jsm:410:16\nwrite@resource:///modules/sessionstore/SessionFile.jsm:448:24\nwrite@resource:///modules/sessionstore/SessionFile.jsm:75:32\n_writeState@resource:///modules/sessionstore/SessionSaver.jsm:360:24\n_saveState@resource:///modules/sessionstore/SessionSaver.jsm:294:17\n_saveStateAsync@resource:///modules/sessionstore/SessionSaver.jsm:344:10\nsaveStateAsyncWhenIdle@resource:///modules/sessionstore/SessionSaver.jsm:191:14\ncallback@resource://gre/modules/Timer.jsm:127:16\n"
1602489353016	Marionette	INFO	Listening on port 55076
1602489353271	Marionette	WARN	TLS certificate errors will be ignored for this session
Can't find symbol 'eglSwapBuffersWithDamageEXT'.
console.error: (new Error("Can't select tool, wait for toolbox 'ready' event", "resource://devtools/client/framework/toolbox.js", 2612))
Error: Can't select tool, wait for toolbox 'ready' event: selectTool@resource://devtools/client/framework/toolbox.js:2612:13
_onPausedState@resource://devtools/client/framework/toolbox.js:663:12
_onTargetAvailable/<@resource://devtools/client/framework/toolbox.js:705:14
_emit@resource://devtools/shared/event-emitter.js:226:34
emit@resource://devtools/shared/event-emitter.js:172:18
emit@resource://devtools/shared/event-emitter.js:324:18
onPacket@resource://devtools/shared/protocol/Front.js:298:13
onPacket@resource://devtools/client/devtools-client.js:492:13
send/<@resource://devtools/shared/transport/local-transport.js:68:25
exports.makeInfallible/<@resource://devtools/shared/ThreadSafeDevToolsUtils.js:103:22
exports.makeInfallible/<@resource://devtools/shared/ThreadSafeDevToolsUtils.js:103:22

JavaScript error: resource://devtools/client/framework/devtools.js, line 733: TypeError: inspector is undefined
1602494183851	Marionette	INFO	Stopped listening on port 55076

###!!! [Child][RunMessage] Error: Channel closing: too late to send/recv, messages will be lost


###!!! [Child][MessageChannel::SendAndWait] Error: Channel error: cannot send/recv

\"" "Accept-Encoding=\"gzip, deflate\"" "Accept-Language=\"zh-CN,zh-TW;q=0.9,zh;q=0.8,en-US;q=0.7,en;q=0.6\"" "Connection=\"keep-alive\"" "User-Agent=\"Mozilla/5.0 (Windows NT 10.0; Win64; x64; rv:78.0) Gecko/20100101 Firefox/78.0\"" "-foreground" "-no-remote" "-profile" "C:\\Users\\ADMINI~1\\AppData\\Local\\Temp\\rust_mozprofilezCxyIf"
JavaScript error: resource://gre/modules/URIFixup.jsm, line 447: NS_ERROR_MALFORMED_URI: Couldn't build a valid uri
ConvertWinError received an unrecognized WinError: 0x7b
JavaScript error: resource://gre/modules/URIFixup.jsm, line 447: NS_ERROR_MALFORMED_URI: Couldn't build a valid uri
ConvertWinError received an unrecognized WinError: 0x7b
JavaScript error: resource://gre/modules/URIFixup.jsm, line 447: NS_ERROR_MALFORMED_URI: Couldn't build a valid uri
ConvertWinError received an unrecognized WinError: 0x7b
JavaScript error: resource://gre/modules/URIFixup.jsm, line 447: NS_ERROR_MALFORMED_URI: Couldn't build a valid uri
ConvertWinError received an unrecognized WinError: 0x7b
JavaScript error: resource://gre/modules/URIFixup.jsm, line 447: NS_ERROR_MALFORMED_URI: Couldn't build a valid uri
JavaScript error: resource://gre/modules/XULStore.jsm, line 66: Error: Can't find profile directory.
ConvertWinError received an unrecognized WinError: 0x7b
ConvertWinError received an unrecognized WinError: 0x7b
ConvertWinError received an unrecognized WinError: 0x7b
ConvertWinError received an unrecognized WinError: 0x7b
ConvertWinError received an unrecognized WinError: 0x7b
console.error: SearchCache: "_readCacheFile: Error reading cache file:" (new Error("", "(unknown module)"))
console.error: "Could not write session state file " (new Error("_initWorker called too early! Please read the session file from disk first.", "resource:///modules/sessionstore/SessionFile.jsm", 375)) "_initWorker/<@resource:///modules/sessionstore/SessionFile.jsm:375:15\n_initWorker@resource:///modules/sessionstore/SessionFile.jsm:368:12\n_postToWorker@resource:///modules/sessionstore/SessionFile.jsm:410:16\nwrite@resource:///modules/sessionstore/SessionFile.jsm:448:24\nwrite@resource:///modules/sessionstore/SessionFile.jsm:75:32\n_writeState@resource:///modules/sessionstore/SessionSaver.jsm:360:24\n_saveState@resource:///modules/sessionstore/SessionSaver.jsm:294:17\n_saveStateAsync@resource:///modules/sessionstore/SessionSaver.jsm:344:10\nsaveStateAsyncWhenIdle@resource:///modules/sessionstore/SessionSaver.jsm:191:14\ncallback@resource://gre/modules/Timer.jsm:127:16\n"
1602491269576	Marionette	INFO	Listening on port 56208
1602491269590	Marionette	WARN	TLS certificate errors will be ignored for this session
Can't find symbol 'eglSwapBuffersWithDamageEXT'.
1602494181875	Marionette	INFO	Stopped listening on port 56208

###!!! [Child][RunMessage] Error: Channel closing: too late to send/recv, messages will be lost


###!!! [Child][MessageChannel::SendAndWait] Error: Channel error: cannot send/recv

\"" "Accept-Encoding=\"gzip, deflate\"" "Accept-Language=\"zh-CN,zh-TW;q=0.9,zh;q=0.8,en-US;q=0.7,en;q=0.6\"" "Connection=\"keep-alive\"" "User-Agent=\"Mozilla/5.0 (Windows NT 10.0; Win64; x64; rv:78.0) Gecko/20100101 Firefox/78.0\"" "-foreground" "-no-remote" "-profile" "C:\\Users\\ADMINI~1\\AppData\\Local\\Temp\\rust_mozprofile8K9kf7"
JavaScript error: resource://gre/modules/URIFixup.jsm, line 447: NS_ERROR_MALFORMED_URI: Couldn't build a valid uri
ConvertWinError received an unrecognized WinError: 0x7b
JavaScript error: resource://gre/modules/URIFixup.jsm, line 447: NS_ERROR_MALFORMED_URI: Couldn't build a valid uri
ConvertWinError received an unrecognized WinError: 0x7b
JavaScript error: resource://gre/modules/URIFixup.jsm, line 447: NS_ERROR_MALFORMED_URI: Couldn't build a valid uri
ConvertWinError received an unrecognized WinError: 0x7b
JavaScript error: resource://gre/modules/URIFixup.jsm, line 447: NS_ERROR_MALFORMED_URI: Couldn't build a valid uri
ConvertWinError received an unrecognized WinError: 0x7b
JavaScript error: resource://gre/modules/URIFixup.jsm, line 447: NS_ERROR_MALFORMED_URI: Couldn't build a valid uri
JavaScript error: resource://gre/modules/XULStore.jsm, line 66: Error: Can't find profile directory.
ConvertWinError received an unrecognized WinError: 0x7b
ConvertWinError received an unrecognized WinError: 0x7b
ConvertWinError received an unrecognized WinError: 0x7b
ConvertWinError received an unrecognized WinError: 0x7b
ConvertWinError received an unrecognized WinError: 0x7b
console.error: SearchCache: "_readCacheFile: Error reading cache file:" (new Error("", "(unknown module)"))
console.error: "Could not write session state file " (new Error("_initWorker called too early! Please read the session file from disk first.", "resource:///modules/sessionstore/SessionFile.jsm", 375)) "_initWorker/<@resource:///modules/sessionstore/SessionFile.jsm:375:15\n_initWorker@resource:///modules/sessionstore/SessionFile.jsm:368:12\n_postToWorker@resource:///modules/sessionstore/SessionFile.jsm:410:16\nwrite@resource:///modules/sessionstore/SessionFile.jsm:448:24\nwrite@resource:///modules/sessionstore/SessionFile.jsm:75:32\n_writeState@resource:///modules/sessionstore/SessionSaver.jsm:360:24\n_saveState@resource:///modules/sessionstore/SessionSaver.jsm:294:17\n_saveStateAsync@resource:///modules/sessionstore/SessionSaver.jsm:344:10\nsaveStateAsyncWhenIdle@resource:///modules/sessionstore/SessionSaver.jsm:191:14\ncallback@resource://gre/modules/Timer.jsm:127:16\n"
1602491311627	Marionette	INFO	Listening on port 56267
1602491312048	Marionette	WARN	TLS certificate errors will be ignored for this session
Can't find symbol 'eglSwapBuffersWithDamageEXT'.
1602492433827	Marionette	INFO	Stopped listening on port 56267

###!!! [Child][RunMessage] Error: Channel closing: too late to send/recv, messages will be lost


###!!! [Child][MessageChannel::SendAndWait] Error: Channel error: cannot send/recv

